Copyright 1986-2022 Xilinx, Inc. All Rights Reserved.
--------------------------------------------------------------------------------------------------------------------------------------------------------------------------------
| Tool Version : Vivado v.2022.2 (win64) Build 3671981 Fri Oct 14 05:00:03 MDT 2022
| Date         : Tue Jun 23 12:46:03 2026
| Host         : K_SaiCharan running 64-bit major release  (build 9200)
| Command      : report_methodology -file image_scale_ip_methodology_drc_routed.rpt -pb image_scale_ip_methodology_drc_routed.pb -rpx image_scale_ip_methodology_drc_routed.rpx
| Design       : image_scale_ip
| Device       : xczu7ev-ffvc1156-2-e
| Speed File   : -2
| Design State : Fully Routed
--------------------------------------------------------------------------------------------------------------------------------------------------------------------------------

Report Methodology

Table of Contents
-----------------
1. REPORT SUMMARY
2. REPORT DETAILS

1. REPORT SUMMARY
-----------------
            Netlist: netlist
          Floorplan: design_1
      Design limits: <entire design considered>
             Max violations: <unlimited>
             Violations found: 57
+-----------+----------+-------------------------------+------------+
| Rule      | Severity | Description                   | Violations |
+-----------+----------+-------------------------------+------------+
| TIMING-18 | Warning  | Missing input or output delay | 57         |
+-----------+----------+-------------------------------+------------+

2. REPORT DETAILS
-----------------
TIMING-18#1 Warning
Missing input or output delay  
An input delay is missing on aresetn relative to clock(s) aclk
Related violations: <none>

TIMING-18#2 Warning
Missing input or output delay  
An input delay is missing on m_axis_tready relative to clock(s) aclk
Related violations: <none>

TIMING-18#3 Warning
Missing input or output delay  
An input delay is missing on s_axis_tdata[0] relative to clock(s) aclk
Related violations: <none>

TIMING-18#4 Warning
Missing input or output delay  
An input delay is missing on s_axis_tdata[10] relative to clock(s) aclk
Related violations: <none>

TIMING-18#5 Warning
Missing input or output delay  
An input delay is missing on s_axis_tdata[11] relative to clock(s) aclk
Related violations: <none>

TIMING-18#6 Warning
Missing input or output delay  
An input delay is missing on s_axis_tdata[12] relative to clock(s) aclk
Related violations: <none>

TIMING-18#7 Warning
Missing input or output delay  
An input delay is missing on s_axis_tdata[13] relative to clock(s) aclk
Related violations: <none>

TIMING-18#8 Warning
Missing input or output delay  
An input delay is missing on s_axis_tdata[14] relative to clock(s) aclk
Related violations: <none>

TIMING-18#9 Warning
Missing input or output delay  
An input delay is missing on s_axis_tdata[15] relative to clock(s) aclk
Related violations: <none>

TIMING-18#10 Warning
Missing input or output delay  
An input delay is missing on s_axis_tdata[16] relative to clock(s) aclk
Related violations: <none>

TIMING-18#11 Warning
Missing input or output delay  
An input delay is missing on s_axis_tdata[17] relative to clock(s) aclk
Related violations: <none>

TIMING-18#12 Warning
Missing input or output delay  
An input delay is missing on s_axis_tdata[18] relative to clock(s) aclk
Related violations: <none>

TIMING-18#13 Warning
Missing input or output delay  
An input delay is missing on s_axis_tdata[19] relative to clock(s) aclk
Related violations: <none>

TIMING-18#14 Warning
Missing input or output delay  
An input delay is missing on s_axis_tdata[1] relative to clock(s) aclk
Related violations: <none>

TIMING-18#15 Warning
Missing input or output delay  
An input delay is missing on s_axis_tdata[20] relative to clock(s) aclk
Related violations: <none>

TIMING-18#16 Warning
Missing input or output delay  
An input delay is missing on s_axis_tdata[21] relative to clock(s) aclk
Related violations: <none>

TIMING-18#17 Warning
Missing input or output delay  
An input delay is missing on s_axis_tdata[22] relative to clock(s) aclk
Related violations: <none>

TIMING-18#18 Warning
Missing input or output delay  
An input delay is missing on s_axis_tdata[23] relative to clock(s) aclk
Related violations: <none>

TIMING-18#19 Warning
Missing input or output delay  
An input delay is missing on s_axis_tdata[2] relative to clock(s) aclk
Related violations: <none>

TIMING-18#20 Warning
Missing input or output delay  
An input delay is missing on s_axis_tdata[3] relative to clock(s) aclk
Related violations: <none>

TIMING-18#21 Warning
Missing input or output delay  
An input delay is missing on s_axis_tdata[4] relative to clock(s) aclk
Related violations: <none>

TIMING-18#22 Warning
Missing input or output delay  
An input delay is missing on s_axis_tdata[5] relative to clock(s) aclk
Related violations: <none>

TIMING-18#23 Warning
Missing input or output delay  
An input delay is missing on s_axis_tdata[6] relative to clock(s) aclk
Related violations: <none>

TIMING-18#24 Warning
Missing input or output delay  
An input delay is missing on s_axis_tdata[7] relative to clock(s) aclk
Related violations: <none>

TIMING-18#25 Warning
Missing input or output delay  
An input delay is missing on s_axis_tdata[8] relative to clock(s) aclk
Related violations: <none>

TIMING-18#26 Warning
Missing input or output delay  
An input delay is missing on s_axis_tdata[9] relative to clock(s) aclk
Related violations: <none>

TIMING-18#27 Warning
Missing input or output delay  
An input delay is missing on s_axis_tlast relative to clock(s) aclk
Related violations: <none>

TIMING-18#28 Warning
Missing input or output delay  
An input delay is missing on s_axis_tuser relative to clock(s) aclk
Related violations: <none>

TIMING-18#29 Warning
Missing input or output delay  
An input delay is missing on s_axis_tvalid relative to clock(s) aclk
Related violations: <none>

TIMING-18#30 Warning
Missing input or output delay  
An output delay is missing on m_axis_tdata[0] relative to clock(s) aclk
Related violations: <none>

TIMING-18#31 Warning
Missing input or output delay  
An output delay is missing on m_axis_tdata[10] relative to clock(s) aclk
Related violations: <none>

TIMING-18#32 Warning
Missing input or output delay  
An output delay is missing on m_axis_tdata[11] relative to clock(s) aclk
Related violations: <none>

TIMING-18#33 Warning
Missing input or output delay  
An output delay is missing on m_axis_tdata[12] relative to clock(s) aclk
Related violations: <none>

TIMING-18#34 Warning
Missing input or output delay  
An output delay is missing on m_axis_tdata[13] relative to clock(s) aclk
Related violations: <none>

TIMING-18#35 Warning
Missing input or output delay  
An output delay is missing on m_axis_tdata[14] relative to clock(s) aclk
Related violations: <none>

TIMING-18#36 Warning
Missing input or output delay  
An output delay is missing on m_axis_tdata[15] relative to clock(s) aclk
Related violations: <none>

TIMING-18#37 Warning
Missing input or output delay  
An output delay is missing on m_axis_tdata[16] relative to clock(s) aclk
Related violations: <none>

TIMING-18#38 Warning
Missing input or output delay  
An output delay is missing on m_axis_tdata[17] relative to clock(s) aclk
Related violations: <none>

TIMING-18#39 Warning
Missing input or output delay  
An output delay is missing on m_axis_tdata[18] relative to clock(s) aclk
Related violations: <none>

TIMING-18#40 Warning
Missing input or output delay  
An output delay is missing on m_axis_tdata[19] relative to clock(s) aclk
Related violations: <none>

TIMING-18#41 Warning
Missing input or output delay  
An output delay is missing on m_axis_tdata[1] relative to clock(s) aclk
Related violations: <none>

TIMING-18#42 Warning
Missing input or output delay  
An output delay is missing on m_axis_tdata[20] relative to clock(s) aclk
Related violations: <none>

TIMING-18#43 Warning
Missing input or output delay  
An output delay is missing on m_axis_tdata[21] relative to clock(s) aclk
Related violations: <none>

TIMING-18#44 Warning
Missing input or output delay  
An output delay is missing on m_axis_tdata[22] relative to clock(s) aclk
Related violations: <none>

TIMING-18#45 Warning
Missing input or output delay  
An output delay is missing on m_axis_tdata[23] relative to clock(s) aclk
Related violations: <none>

TIMING-18#46 Warning
Missing input or output delay  
An output delay is missing on m_axis_tdata[2] relative to clock(s) aclk
Related violations: <none>

TIMING-18#47 Warning
Missing input or output delay  
An output delay is missing on m_axis_tdata[3] relative to clock(s) aclk
Related violations: <none>

TIMING-18#48 Warning
Missing input or output delay  
An output delay is missing on m_axis_tdata[4] relative to clock(s) aclk
Related violations: <none>

TIMING-18#49 Warning
Missing input or output delay  
An output delay is missing on m_axis_tdata[5] relative to clock(s) aclk
Related violations: <none>

TIMING-18#50 Warning
Missing input or output delay  
An output delay is missing on m_axis_tdata[6] relative to clock(s) aclk
Related violations: <none>

TIMING-18#51 Warning
Missing input or output delay  
An output delay is missing on m_axis_tdata[7] relative to clock(s) aclk
Related violations: <none>

TIMING-18#52 Warning
Missing input or output delay  
An output delay is missing on m_axis_tdata[8] relative to clock(s) aclk
Related violations: <none>

TIMING-18#53 Warning
Missing input or output delay  
An output delay is missing on m_axis_tdata[9] relative to clock(s) aclk
Related violations: <none>

TIMING-18#54 Warning
Missing input or output delay  
An output delay is missing on m_axis_tlast relative to clock(s) aclk
Related violations: <none>

TIMING-18#55 Warning
Missing input or output delay  
An output delay is missing on m_axis_tuser relative to clock(s) aclk
Related violations: <none>

TIMING-18#56 Warning
Missing input or output delay  
An output delay is missing on m_axis_tvalid relative to clock(s) aclk
Related violations: <none>

TIMING-18#57 Warning
Missing input or output delay  
An output delay is missing on s_axis_tready relative to clock(s) aclk
Related violations: <none>


