
*** Running vivado
    with args -log image_scale_ip.vds -m64 -product Vivado -mode batch -messageDb vivado.pb -notrace -source image_scale_ip.tcl



****** Vivado v2022.2 (64-bit)
  **** SW Build 3671981 on Fri Oct 14 05:00:03 MDT 2022
  **** IP Build 3669848 on Fri Oct 14 08:30:02 MDT 2022
    ** Copyright 1986-2022 Xilinx, Inc. All Rights Reserved.

source image_scale_ip.tcl -notrace
INFO: [IP_Flow 19-234] Refreshing IP repositories
INFO: [IP_Flow 19-1700] Loaded user IP repository 'c:/Users/katku/OneDrive/Desktop/Hardware accelerator'.
INFO: [IP_Flow 19-2313] Loaded Vivado IP repository 'C:/Xilinx/Vivado/2022.2/data/ip'.
WARNING: [IP_Flow 19-4995] The host OS only allows 260 characters in a normal path. The IP cache path is more than 80 characters. If you experience issues with IP caching, please consider changing the IP cache to a location with a shorter path. Alternately consider using the OS subst command to map part of the path to a drive letter. 
Current IP cache path is c:/Users/katku/OneDrive/Desktop/Image_Scaling_FPGA/Image_scaling_IP/Image_scaling_IP.cache/ip 
Command: read_checkpoint -auto_incremental -incremental C:/Users/katku/OneDrive/Desktop/Image_Scaling_FPGA/Image_scaling_IP/Image_scaling_IP.srcs/utils_1/imports/synth_1/image_scale_ip.dcp
INFO: [Vivado 12-5825] Read reference checkpoint from C:/Users/katku/OneDrive/Desktop/Image_Scaling_FPGA/Image_scaling_IP/Image_scaling_IP.srcs/utils_1/imports/synth_1/image_scale_ip.dcp for incremental synthesis
INFO: [Vivado 12-7989] Please ensure there are no constraint changes
Command: synth_design -top image_scale_ip -part xczu7ev-ffvc1156-2-e
Starting synth_design
Attempting to get a license for feature 'Synthesis' and/or device 'xczu7ev'
INFO: [Common 17-349] Got license for feature 'Synthesis' and/or device 'xczu7ev'
INFO: [Device 21-403] Loading part xczu7ev-ffvc1156-2-e
INFO: [Designutils 20-5440] No compile time benefit to using incremental synthesis; A full resynthesis will be run
INFO: [Designutils 20-4379] Flow is switching to default flow due to incremental criteria not met. If you would like to alter this behaviour and have the flow terminate instead, please set the following parameter config_implementation {autoIncr.Synth.RejectBehavior Terminate}
INFO: [Synth 8-7079] Multithreading enabled for synth_design using a maximum of 2 processes.
INFO: [Synth 8-7078] Launching helper process for spawning children vivado processes
INFO: [Synth 8-7075] Helper process launched with PID 23980
INFO: [Synth 8-11241] undeclared symbol 'REGCCE', assumed default net type 'wire' [C:/Xilinx/Vivado/2022.2/data/verilog/src/unimacro/BRAM_SINGLE_MACRO.v:2170]
---------------------------------------------------------------------------------
Starting RTL Elaboration : Time (s): cpu = 00:00:04 ; elapsed = 00:00:04 . Memory (MB): peak = 1903.484 ; gain = 338.926
---------------------------------------------------------------------------------
INFO: [Synth 8-6157] synthesizing module 'image_scale_ip' [C:/Users/katku/OneDrive/Desktop/Image_Scaling_FPGA/Image_scaling_IP/Image_scaling_IP.srcs/sources_1/new/BIMS.v:5]
INFO: [Synth 8-6157] synthesizing module 'line_buffer_3x' [C:/Users/katku/OneDrive/Desktop/Image_Scaling_FPGA/Image_scaling_IP/Image_scaling_IP.srcs/sources_1/new/Line_buffer.v:3]
	Parameter W_IN bound to: 800 - type: integer 
	Parameter H_IN bound to: 566 - type: integer 
	Parameter DATA_WIDTH bound to: 24 - type: integer 
INFO: [Synth 8-6155] done synthesizing module 'line_buffer_3x' (0#1) [C:/Users/katku/OneDrive/Desktop/Image_Scaling_FPGA/Image_scaling_IP/Image_scaling_IP.srcs/sources_1/new/Line_buffer.v:3]
INFO: [Synth 8-6155] done synthesizing module 'image_scale_ip' (0#1) [C:/Users/katku/OneDrive/Desktop/Image_Scaling_FPGA/Image_scaling_IP/Image_scaling_IP.srcs/sources_1/new/BIMS.v:5]
WARNING: [Synth 8-6014] Unused sequential element diff_T_reg was removed.  [C:/Users/katku/OneDrive/Desktop/Image_Scaling_FPGA/Image_scaling_IP/Image_scaling_IP.srcs/sources_1/new/BIMS.v:182]
WARNING: [Synth 8-6014] Unused sequential element diff_B_reg was removed.  [C:/Users/katku/OneDrive/Desktop/Image_Scaling_FPGA/Image_scaling_IP/Image_scaling_IP.srcs/sources_1/new/BIMS.v:183]
WARNING: [Synth 8-6014] Unused sequential element diff_Y_reg was removed.  [C:/Users/katku/OneDrive/Desktop/Image_Scaling_FPGA/Image_scaling_IP/Image_scaling_IP.srcs/sources_1/new/BIMS.v:220]
---------------------------------------------------------------------------------
Finished RTL Elaboration : Time (s): cpu = 00:00:05 ; elapsed = 00:00:05 . Memory (MB): peak = 2000.020 ; gain = 435.461
---------------------------------------------------------------------------------
---------------------------------------------------------------------------------
Start Handling Custom Attributes
---------------------------------------------------------------------------------
---------------------------------------------------------------------------------
Finished Handling Custom Attributes : Time (s): cpu = 00:00:05 ; elapsed = 00:00:06 . Memory (MB): peak = 2000.020 ; gain = 435.461
---------------------------------------------------------------------------------
---------------------------------------------------------------------------------
Finished RTL Optimization Phase 1 : Time (s): cpu = 00:00:05 ; elapsed = 00:00:06 . Memory (MB): peak = 2000.020 ; gain = 435.461
---------------------------------------------------------------------------------
Netlist sorting complete. Time (s): cpu = 00:00:00 ; elapsed = 00:00:00.008 . Memory (MB): peak = 2000.020 ; gain = 0.000
INFO: [Project 1-570] Preparing netlist for logic optimization

Processing XDC Constraints
Initializing timing engine
Parsing XDC File [C:/Users/katku/OneDrive/Desktop/Image_Scaling_FPGA/Image_scaling_IP/Image_scaling_IP.srcs/constrs_1/new/cons.xdc]
Finished Parsing XDC File [C:/Users/katku/OneDrive/Desktop/Image_Scaling_FPGA/Image_scaling_IP/Image_scaling_IP.srcs/constrs_1/new/cons.xdc]
Completed Processing XDC Constraints

Netlist sorting complete. Time (s): cpu = 00:00:00 ; elapsed = 00:00:00.001 . Memory (MB): peak = 2094.160 ; gain = 0.000
INFO: [Project 1-111] Unisim Transformation Summary:
No Unisim elements were transformed.

Constraint Validation Runtime : Time (s): cpu = 00:00:00 ; elapsed = 00:00:00.012 . Memory (MB): peak = 2094.160 ; gain = 0.000
INFO: [Designutils 20-5440] No compile time benefit to using incremental synthesis; A full resynthesis will be run
INFO: [Designutils 20-4379] Flow is switching to default flow due to incremental criteria not met. If you would like to alter this behaviour and have the flow terminate instead, please set the following parameter config_implementation {autoIncr.Synth.RejectBehavior Terminate}
INFO: [Synth 8-11241] undeclared symbol 'REGCCE', assumed default net type 'wire' [C:/Xilinx/Vivado/2022.2/data/verilog/src/unimacro/BRAM_SINGLE_MACRO.v:2170]
---------------------------------------------------------------------------------
Finished Constraint Validation : Time (s): cpu = 00:00:14 ; elapsed = 00:00:15 . Memory (MB): peak = 2094.160 ; gain = 529.602
---------------------------------------------------------------------------------
---------------------------------------------------------------------------------
Start Loading Part and Timing Information
---------------------------------------------------------------------------------
Loading part: xczu7ev-ffvc1156-2-e
INFO: [Synth 8-6742] Reading net delay rules and data
---------------------------------------------------------------------------------
Finished Loading Part and Timing Information : Time (s): cpu = 00:00:14 ; elapsed = 00:00:15 . Memory (MB): peak = 2094.160 ; gain = 529.602
---------------------------------------------------------------------------------
---------------------------------------------------------------------------------
Start Applying 'set_property' XDC Constraints
---------------------------------------------------------------------------------
---------------------------------------------------------------------------------
Finished applying 'set_property' XDC Constraints : Time (s): cpu = 00:00:14 ; elapsed = 00:00:15 . Memory (MB): peak = 2094.160 ; gain = 529.602
---------------------------------------------------------------------------------
WARNING: [Synth 8-3936] Found unconnected internal register 'sof_pipe_reg' and it is trimmed from '6' to '5' bits. [C:/Users/katku/OneDrive/Desktop/Image_Scaling_FPGA/Image_scaling_IP/Image_scaling_IP.srcs/sources_1/new/BIMS.v:125]
WARNING: [Synth 8-3936] Found unconnected internal register 'last_pipe_reg' and it is trimmed from '6' to '5' bits. [C:/Users/katku/OneDrive/Desktop/Image_Scaling_FPGA/Image_scaling_IP/Image_scaling_IP.srcs/sources_1/new/BIMS.v:126]
WARNING: [Synth 8-3936] Found unconnected internal register 'valid_pipe_reg' and it is trimmed from '6' to '5' bits. [C:/Users/katku/OneDrive/Desktop/Image_Scaling_FPGA/Image_scaling_IP/Image_scaling_IP.srcs/sources_1/new/BIMS.v:124]
WARNING: [Synth 8-6014] Unused sequential element S3S4_mult_T_reg[1] was removed.  [C:/Users/katku/OneDrive/Desktop/Image_Scaling_FPGA/Image_scaling_IP/Image_scaling_IP.srcs/sources_1/new/BIMS.v:185]
WARNING: [Synth 8-6014] Unused sequential element S3S4_mult_T_reg[2] was removed.  [C:/Users/katku/OneDrive/Desktop/Image_Scaling_FPGA/Image_scaling_IP/Image_scaling_IP.srcs/sources_1/new/BIMS.v:185]
WARNING: [Synth 8-6014] Unused sequential element S3S4_mult_B_reg[0] was removed.  [C:/Users/katku/OneDrive/Desktop/Image_Scaling_FPGA/Image_scaling_IP/Image_scaling_IP.srcs/sources_1/new/BIMS.v:186]
WARNING: [Synth 8-6014] Unused sequential element S3S4_mult_B_reg[1] was removed.  [C:/Users/katku/OneDrive/Desktop/Image_Scaling_FPGA/Image_scaling_IP/Image_scaling_IP.srcs/sources_1/new/BIMS.v:186]
WARNING: [Synth 8-6014] Unused sequential element S3S4_mult_B_reg[2] was removed.  [C:/Users/katku/OneDrive/Desktop/Image_Scaling_FPGA/Image_scaling_IP/Image_scaling_IP.srcs/sources_1/new/BIMS.v:186]
---------------------------------------------------------------------------------
Finished RTL Optimization Phase 2 : Time (s): cpu = 00:00:14 ; elapsed = 00:00:15 . Memory (MB): peak = 2094.160 ; gain = 529.602
---------------------------------------------------------------------------------
---------------------------------------------------------------------------------
Start RTL Component Statistics 
---------------------------------------------------------------------------------
Detailed RTL Component Info : 
+---Adders : 
	   2 Input   18 Bit       Adders := 2     
	   2 Input   11 Bit       Adders := 2     
	   2 Input   10 Bit       Adders := 5     
	   3 Input    9 Bit       Adders := 9     
	   2 Input    8 Bit       Adders := 9     
	   2 Input    2 Bit       Adders := 1     
+---Registers : 
	               24 Bit    Registers := 16    
	               18 Bit    Registers := 2     
	               11 Bit    Registers := 1     
	               10 Bit    Registers := 3     
	                9 Bit    Registers := 10    
	                8 Bit    Registers := 2     
	                5 Bit    Registers := 3     
	                2 Bit    Registers := 3     
	                1 Bit    Registers := 6     
+---RAMs : 
	               9K Bit	(400 X 24 bit)          RAMs := 6     
+---Muxes : 
	   2 Input   24 Bit        Muxes := 12    
	   4 Input   24 Bit        Muxes := 4     
	   2 Input   18 Bit        Muxes := 8     
	   5 Input   10 Bit        Muxes := 1     
	   2 Input   10 Bit        Muxes := 13    
	   2 Input    9 Bit        Muxes := 1     
	   2 Input    2 Bit        Muxes := 1     
	   2 Input    1 Bit        Muxes := 17    
---------------------------------------------------------------------------------
Finished RTL Component Statistics 
---------------------------------------------------------------------------------
---------------------------------------------------------------------------------
Start Part Resource Summary
---------------------------------------------------------------------------------
Part Resources:
DSPs: 1728 (col length:144)
BRAMs: 624 (col length: RAMB18 144 RAMB36 72)
---------------------------------------------------------------------------------
Finished Part Resource Summary
---------------------------------------------------------------------------------
---------------------------------------------------------------------------------
Start Cross Boundary and Area Optimization
---------------------------------------------------------------------------------
WARNING: [Synth 8-7080] Parallel synthesis criteria is not met
WARNING: [Synth 8-3936] Found unconnected internal register 'S5S6_mult_Y_reg[2]' and it is trimmed from '18' to '16' bits. [C:/Users/katku/OneDrive/Desktop/Image_Scaling_FPGA/Image_scaling_IP/Image_scaling_IP.srcs/sources_1/new/BIMS.v:221]
WARNING: [Synth 8-3936] Found unconnected internal register 'S5S6_mult_Y_reg[1]' and it is trimmed from '18' to '16' bits. [C:/Users/katku/OneDrive/Desktop/Image_Scaling_FPGA/Image_scaling_IP/Image_scaling_IP.srcs/sources_1/new/BIMS.v:221]
WARNING: [Synth 8-3936] Found unconnected internal register 'S5S6_mult_Y_reg[0]' and it is trimmed from '18' to '16' bits. [C:/Users/katku/OneDrive/Desktop/Image_Scaling_FPGA/Image_scaling_IP/Image_scaling_IP.srcs/sources_1/new/BIMS.v:221]
WARNING: [Synth 8-6014] Unused sequential element S3S4_mult_T_reg[0] was removed.  [C:/Users/katku/OneDrive/Desktop/Image_Scaling_FPGA/Image_scaling_IP/Image_scaling_IP.srcs/sources_1/new/BIMS.v:185]
WARNING: [Synth 8-6014] Unused sequential element S3S4_mult_T_reg[1] was removed.  [C:/Users/katku/OneDrive/Desktop/Image_Scaling_FPGA/Image_scaling_IP/Image_scaling_IP.srcs/sources_1/new/BIMS.v:185]
WARNING: [Synth 8-6014] Unused sequential element S3S4_mult_T_reg[2] was removed.  [C:/Users/katku/OneDrive/Desktop/Image_Scaling_FPGA/Image_scaling_IP/Image_scaling_IP.srcs/sources_1/new/BIMS.v:185]
WARNING: [Synth 8-6014] Unused sequential element S3S4_mult_B_reg[0] was removed.  [C:/Users/katku/OneDrive/Desktop/Image_Scaling_FPGA/Image_scaling_IP/Image_scaling_IP.srcs/sources_1/new/BIMS.v:186]
WARNING: [Synth 8-6014] Unused sequential element S3S4_mult_B_reg[1] was removed.  [C:/Users/katku/OneDrive/Desktop/Image_Scaling_FPGA/Image_scaling_IP/Image_scaling_IP.srcs/sources_1/new/BIMS.v:186]
WARNING: [Synth 8-6014] Unused sequential element S3S4_mult_B_reg[2] was removed.  [C:/Users/katku/OneDrive/Desktop/Image_Scaling_FPGA/Image_scaling_IP/Image_scaling_IP.srcs/sources_1/new/BIMS.v:186]
DSP Report: Generating DSP S3S4_mult_T_reg[0], operation Mode is: (A2*B)'.
DSP Report: register S3S4_mult_T_reg[0] is absorbed into DSP S3S4_mult_T_reg[0].
DSP Report: register S3S4_mult_T_reg[0] is absorbed into DSP S3S4_mult_T_reg[0].
DSP Report: operator p_0_out is absorbed into DSP S3S4_mult_T_reg[0].
DSP Report: Generating DSP S3S4_mult_T_reg[1], operation Mode is: (A2*B)'.
DSP Report: register S3S4_mult_T_reg[1] is absorbed into DSP S3S4_mult_T_reg[1].
DSP Report: register S3S4_mult_T_reg[1] is absorbed into DSP S3S4_mult_T_reg[1].
DSP Report: operator p_0_out is absorbed into DSP S3S4_mult_T_reg[1].
DSP Report: Generating DSP S3S4_mult_T_reg[2], operation Mode is: (A2*B)'.
DSP Report: register S3S4_mult_T_reg[2] is absorbed into DSP S3S4_mult_T_reg[2].
DSP Report: register S3S4_mult_T_reg[2] is absorbed into DSP S3S4_mult_T_reg[2].
DSP Report: operator p_0_out is absorbed into DSP S3S4_mult_T_reg[2].
DSP Report: Generating DSP S3S4_mult_B_reg[0], operation Mode is: (A2*B)'.
DSP Report: register S3S4_mult_B_reg[0] is absorbed into DSP S3S4_mult_B_reg[0].
DSP Report: register S3S4_mult_B_reg[0] is absorbed into DSP S3S4_mult_B_reg[0].
DSP Report: operator p_0_out is absorbed into DSP S3S4_mult_B_reg[0].
DSP Report: Generating DSP S3S4_mult_B_reg[1], operation Mode is: (A2*B)'.
DSP Report: register S3S4_mult_B_reg[1] is absorbed into DSP S3S4_mult_B_reg[1].
DSP Report: register S3S4_mult_B_reg[1] is absorbed into DSP S3S4_mult_B_reg[1].
DSP Report: operator p_0_out is absorbed into DSP S3S4_mult_B_reg[1].
DSP Report: Generating DSP S3S4_mult_B_reg[2], operation Mode is: (A2*B)'.
DSP Report: register S3S4_mult_B_reg[2] is absorbed into DSP S3S4_mult_B_reg[2].
DSP Report: register S3S4_mult_B_reg[2] is absorbed into DSP S3S4_mult_B_reg[2].
DSP Report: operator p_0_out is absorbed into DSP S3S4_mult_B_reg[2].
DSP Report: Generating DSP S5S6_mult_Y_reg[0], operation Mode is: (A''*B)'.
DSP Report: register S5S6_mult_Y_reg[0] is absorbed into DSP S5S6_mult_Y_reg[0].
DSP Report: register S5S6_mult_Y_reg[0] is absorbed into DSP S5S6_mult_Y_reg[0].
DSP Report: register S5S6_mult_Y_reg[0] is absorbed into DSP S5S6_mult_Y_reg[0].
DSP Report: operator p_0_out is absorbed into DSP S5S6_mult_Y_reg[0].
DSP Report: Generating DSP S5S6_mult_Y_reg[1], operation Mode is: (A''*B)'.
DSP Report: register S5S6_mult_Y_reg[1] is absorbed into DSP S5S6_mult_Y_reg[1].
DSP Report: register S5S6_mult_Y_reg[1] is absorbed into DSP S5S6_mult_Y_reg[1].
DSP Report: register S5S6_mult_Y_reg[1] is absorbed into DSP S5S6_mult_Y_reg[1].
DSP Report: operator p_0_out is absorbed into DSP S5S6_mult_Y_reg[1].
DSP Report: Generating DSP S5S6_mult_Y_reg[2], operation Mode is: (A''*B)'.
DSP Report: register S5S6_mult_Y_reg[2] is absorbed into DSP S5S6_mult_Y_reg[2].
DSP Report: register S5S6_mult_Y_reg[2] is absorbed into DSP S5S6_mult_Y_reg[2].
DSP Report: register S5S6_mult_Y_reg[2] is absorbed into DSP S5S6_mult_Y_reg[2].
DSP Report: operator p_0_out is absorbed into DSP S5S6_mult_Y_reg[2].
RAM ("image_scale_ip/u_line_buffer/line_mem_2_even_reg") is too shallow (depth = 400) to use URAM. Choosing BRAM instead of URAM 
RAM ("image_scale_ip/u_line_buffer/line_mem_2_odd_reg") is too shallow (depth = 400) to use URAM. Choosing BRAM instead of URAM 
RAM ("image_scale_ip/u_line_buffer/line_mem_1_even_reg") is too shallow (depth = 400) to use URAM. Choosing BRAM instead of URAM 
RAM ("image_scale_ip/u_line_buffer/line_mem_1_odd_reg") is too shallow (depth = 400) to use URAM. Choosing BRAM instead of URAM 
RAM ("image_scale_ip/u_line_buffer/line_mem_0_even_reg") is too shallow (depth = 400) to use URAM. Choosing BRAM instead of URAM 
RAM ("image_scale_ip/u_line_buffer/line_mem_0_odd_reg") is too shallow (depth = 400) to use URAM. Choosing BRAM instead of URAM 
---------------------------------------------------------------------------------
Finished Cross Boundary and Area Optimization : Time (s): cpu = 00:00:22 ; elapsed = 00:00:23 . Memory (MB): peak = 2094.160 ; gain = 529.602
---------------------------------------------------------------------------------
---------------------------------------------------------------------------------
Start ROM, RAM, DSP, Shift Register and Retiming Reporting
---------------------------------------------------------------------------------

Block RAM: Preliminary Mapping Report (see note below)
+---------------+-----------------------------------+------------------------+---+---+------------------------+---+---+------------------+--------+--------+-----------------+
|Module Name    | RTL Object                        | PORT A (Depth x Width) | W | R | PORT B (Depth x Width) | W | R | Ports driving FF | RAMB18 | RAMB36 | Cascade Heights | 
+---------------+-----------------------------------+------------------------+---+---+------------------------+---+---+------------------+--------+--------+-----------------+
|image_scale_ip | u_line_buffer/line_mem_2_even_reg | 400 x 24(READ_FIRST)   | W |   | 400 x 24(WRITE_FIRST)  |   | R | Port A and B     | 1      | 0      |                 | 
|image_scale_ip | u_line_buffer/line_mem_2_odd_reg  | 400 x 24(READ_FIRST)   | W |   | 400 x 24(WRITE_FIRST)  |   | R | Port A and B     | 1      | 0      |                 | 
|image_scale_ip | u_line_buffer/line_mem_1_even_reg | 400 x 24(READ_FIRST)   | W |   | 400 x 24(WRITE_FIRST)  |   | R | Port A and B     | 1      | 0      |                 | 
|image_scale_ip | u_line_buffer/line_mem_1_odd_reg  | 400 x 24(READ_FIRST)   | W |   | 400 x 24(WRITE_FIRST)  |   | R | Port A and B     | 1      | 0      |                 | 
|image_scale_ip | u_line_buffer/line_mem_0_even_reg | 400 x 24(READ_FIRST)   | W |   | 400 x 24(WRITE_FIRST)  |   | R | Port A and B     | 1      | 0      |                 | 
|image_scale_ip | u_line_buffer/line_mem_0_odd_reg  | 400 x 24(READ_FIRST)   | W |   | 400 x 24(WRITE_FIRST)  |   | R | Port A and B     | 1      | 0      |                 | 
+---------------+-----------------------------------+------------------------+---+---+------------------------+---+---+------------------+--------+--------+-----------------+

Note: The table above is a preliminary report that shows the Block RAMs at the current stage of the synthesis flow. Some Block RAMs may be reimplemented as non Block RAM primitives later in the synthesis flow. Multiple instantiated Block RAMs are reported only once. 

DSP: Preliminary Mapping Report (see note below. The ' indicates corresponding REG is set)
+---------------+-------------+--------+--------+--------+--------+--------+------+------+------+------+-------+------+------+
|Module Name    | DSP Mapping | A Size | B Size | C Size | D Size | P Size | AREG | BREG | CREG | DREG | ADREG | MREG | PREG | 
+---------------+-------------+--------+--------+--------+--------+--------+------+------+------+------+-------+------+------+
|image_scale_ip | (A2*B)'     | 9      | 9      | -      | -      | 18     | 1    | 0    | -    | -    | -     | 1    | 0    | 
|image_scale_ip | (A2*B)'     | 9      | 9      | -      | -      | 18     | 1    | 0    | -    | -    | -     | 1    | 0    | 
|image_scale_ip | (A2*B)'     | 9      | 9      | -      | -      | 18     | 1    | 0    | -    | -    | -     | 1    | 0    | 
|image_scale_ip | (A2*B)'     | 9      | 9      | -      | -      | 18     | 1    | 0    | -    | -    | -     | 1    | 0    | 
|image_scale_ip | (A2*B)'     | 9      | 9      | -      | -      | 18     | 1    | 0    | -    | -    | -     | 1    | 0    | 
|image_scale_ip | (A2*B)'     | 9      | 9      | -      | -      | 18     | 1    | 0    | -    | -    | -     | 1    | 0    | 
|image_scale_ip | (A''*B)'    | 9      | 9      | -      | -      | 18     | 2    | 0    | -    | -    | -     | 1    | 0    | 
|image_scale_ip | (A''*B)'    | 9      | 9      | -      | -      | 18     | 2    | 0    | -    | -    | -     | 1    | 0    | 
|image_scale_ip | (A''*B)'    | 9      | 9      | -      | -      | 18     | 2    | 0    | -    | -    | -     | 1    | 0    | 
+---------------+-------------+--------+--------+--------+--------+--------+------+------+------+------+-------+------+------+

Note: The table above is a preliminary report that shows the DSPs inferred at the current stage of the synthesis flow. Some DSP may be reimplemented as non DSP primitives later in the synthesis flow. Multiple instantiated DSPs are reported only once.
---------------------------------------------------------------------------------
Finished ROM, RAM, DSP, Shift Register and Retiming Reporting
---------------------------------------------------------------------------------
---------------------------------------------------------------------------------
Start Applying XDC Timing Constraints
---------------------------------------------------------------------------------
---------------------------------------------------------------------------------
Finished Applying XDC Timing Constraints : Time (s): cpu = 00:00:32 ; elapsed = 00:00:35 . Memory (MB): peak = 2603.660 ; gain = 1039.102
---------------------------------------------------------------------------------
---------------------------------------------------------------------------------
Start Timing Optimization
---------------------------------------------------------------------------------
---------------------------------------------------------------------------------
Finished Timing Optimization : Time (s): cpu = 00:00:33 ; elapsed = 00:00:36 . Memory (MB): peak = 2626.047 ; gain = 1061.488
---------------------------------------------------------------------------------
---------------------------------------------------------------------------------
Start ROM, RAM, DSP, Shift Register and Retiming Reporting
---------------------------------------------------------------------------------

Block RAM: Final Mapping Report
+---------------+-----------------------------------+------------------------+---+---+------------------------+---+---+------------------+--------+--------+-----------------+
|Module Name    | RTL Object                        | PORT A (Depth x Width) | W | R | PORT B (Depth x Width) | W | R | Ports driving FF | RAMB18 | RAMB36 | Cascade Heights | 
+---------------+-----------------------------------+------------------------+---+---+------------------------+---+---+------------------+--------+--------+-----------------+
|image_scale_ip | u_line_buffer/line_mem_2_even_reg | 400 x 24(READ_FIRST)   | W |   | 400 x 24(WRITE_FIRST)  |   | R | Port A and B     | 1      | 0      |                 | 
|image_scale_ip | u_line_buffer/line_mem_2_odd_reg  | 400 x 24(READ_FIRST)   | W |   | 400 x 24(WRITE_FIRST)  |   | R | Port A and B     | 1      | 0      |                 | 
|image_scale_ip | u_line_buffer/line_mem_1_even_reg | 400 x 24(READ_FIRST)   | W |   | 400 x 24(WRITE_FIRST)  |   | R | Port A and B     | 1      | 0      |                 | 
|image_scale_ip | u_line_buffer/line_mem_1_odd_reg  | 400 x 24(READ_FIRST)   | W |   | 400 x 24(WRITE_FIRST)  |   | R | Port A and B     | 1      | 0      |                 | 
|image_scale_ip | u_line_buffer/line_mem_0_even_reg | 400 x 24(READ_FIRST)   | W |   | 400 x 24(WRITE_FIRST)  |   | R | Port A and B     | 1      | 0      |                 | 
|image_scale_ip | u_line_buffer/line_mem_0_odd_reg  | 400 x 24(READ_FIRST)   | W |   | 400 x 24(WRITE_FIRST)  |   | R | Port A and B     | 1      | 0      |                 | 
+---------------+-----------------------------------+------------------------+---+---+------------------------+---+---+------------------+--------+--------+-----------------+

---------------------------------------------------------------------------------
Finished ROM, RAM, DSP, Shift Register and Retiming Reporting
---------------------------------------------------------------------------------
---------------------------------------------------------------------------------
Start Technology Mapping
---------------------------------------------------------------------------------
INFO: [Synth 8-7052] The timing for the instance u_line_buffer/line_mem_2_even_reg (implemented as a Block RAM) might be sub-optimal as no optional output register could be merged into the ram block. Providing additional output register may help in improving timing.
INFO: [Synth 8-7052] The timing for the instance u_line_buffer/line_mem_2_odd_reg (implemented as a Block RAM) might be sub-optimal as no optional output register could be merged into the ram block. Providing additional output register may help in improving timing.
INFO: [Synth 8-7052] The timing for the instance u_line_buffer/line_mem_1_even_reg (implemented as a Block RAM) might be sub-optimal as no optional output register could be merged into the ram block. Providing additional output register may help in improving timing.
INFO: [Synth 8-7052] The timing for the instance u_line_buffer/line_mem_1_odd_reg (implemented as a Block RAM) might be sub-optimal as no optional output register could be merged into the ram block. Providing additional output register may help in improving timing.
INFO: [Synth 8-7052] The timing for the instance u_line_buffer/line_mem_0_even_reg (implemented as a Block RAM) might be sub-optimal as no optional output register could be merged into the ram block. Providing additional output register may help in improving timing.
INFO: [Synth 8-7052] The timing for the instance u_line_buffer/line_mem_0_odd_reg (implemented as a Block RAM) might be sub-optimal as no optional output register could be merged into the ram block. Providing additional output register may help in improving timing.
---------------------------------------------------------------------------------
Finished Technology Mapping : Time (s): cpu = 00:00:33 ; elapsed = 00:00:36 . Memory (MB): peak = 2627.301 ; gain = 1062.742
---------------------------------------------------------------------------------
---------------------------------------------------------------------------------
Start IO Insertion
---------------------------------------------------------------------------------
---------------------------------------------------------------------------------
Start Flattening Before IO Insertion
---------------------------------------------------------------------------------
---------------------------------------------------------------------------------
Finished Flattening Before IO Insertion
---------------------------------------------------------------------------------
---------------------------------------------------------------------------------
Start Final Netlist Cleanup
---------------------------------------------------------------------------------
---------------------------------------------------------------------------------
Finished Final Netlist Cleanup
---------------------------------------------------------------------------------
---------------------------------------------------------------------------------
Finished IO Insertion : Time (s): cpu = 00:00:36 ; elapsed = 00:00:39 . Memory (MB): peak = 2639.527 ; gain = 1074.969
---------------------------------------------------------------------------------
---------------------------------------------------------------------------------
Start Renaming Generated Instances
---------------------------------------------------------------------------------
---------------------------------------------------------------------------------
Finished Renaming Generated Instances : Time (s): cpu = 00:00:36 ; elapsed = 00:00:39 . Memory (MB): peak = 2639.527 ; gain = 1074.969
---------------------------------------------------------------------------------
---------------------------------------------------------------------------------
Start Rebuilding User Hierarchy
---------------------------------------------------------------------------------
---------------------------------------------------------------------------------
Finished Rebuilding User Hierarchy : Time (s): cpu = 00:00:36 ; elapsed = 00:00:39 . Memory (MB): peak = 2639.527 ; gain = 1074.969
---------------------------------------------------------------------------------
---------------------------------------------------------------------------------
Start Renaming Generated Ports
---------------------------------------------------------------------------------
---------------------------------------------------------------------------------
Finished Renaming Generated Ports : Time (s): cpu = 00:00:36 ; elapsed = 00:00:39 . Memory (MB): peak = 2639.527 ; gain = 1074.969
---------------------------------------------------------------------------------
---------------------------------------------------------------------------------
Start Handling Custom Attributes
---------------------------------------------------------------------------------
---------------------------------------------------------------------------------
Finished Handling Custom Attributes : Time (s): cpu = 00:00:36 ; elapsed = 00:00:39 . Memory (MB): peak = 2639.527 ; gain = 1074.969
---------------------------------------------------------------------------------
---------------------------------------------------------------------------------
Start Renaming Generated Nets
---------------------------------------------------------------------------------
---------------------------------------------------------------------------------
Finished Renaming Generated Nets : Time (s): cpu = 00:00:36 ; elapsed = 00:00:39 . Memory (MB): peak = 2639.527 ; gain = 1074.969
---------------------------------------------------------------------------------
---------------------------------------------------------------------------------
Start ROM, RAM, DSP, Shift Register and Retiming Reporting
---------------------------------------------------------------------------------

Static Shift Register Report:
+---------------+------------------+--------+-------+--------------+--------------------+-------------------+--------+---------+
|Module Name    | RTL Name         | Length | Width | Reset Signal | Pull out first Reg | Pull out last Reg | SRL16E | SRLC32E | 
+---------------+------------------+--------+-------+--------------+--------------------+-------------------+--------+---------+
|image_scale_ip | sof_pipe_reg[4]  | 5      | 1     | NO           | NO                 | NO                | 1      | 0       | 
|image_scale_ip | last_pipe_reg[4] | 5      | 1     | NO           | NO                 | NO                | 1      | 0       | 
+---------------+------------------+--------+-------+--------------+--------------------+-------------------+--------+---------+

---------------------------------------------------------------------------------
Finished ROM, RAM, DSP, Shift Register and Retiming Reporting
---------------------------------------------------------------------------------
---------------------------------------------------------------------------------
Start Writing Synthesis Report
---------------------------------------------------------------------------------

DSP Final Report (the ' indicates corresponding REG is set)
+---------------+-------------+--------+--------+--------+--------+--------+------+------+------+------+-------+------+------+
|Module Name    | DSP Mapping | A Size | B Size | C Size | D Size | P Size | AREG | BREG | CREG | DREG | ADREG | MREG | PREG | 
+---------------+-------------+--------+--------+--------+--------+--------+------+------+------+------+-------+------+------+
|image_scale_ip | (A'*B)'     | 8      | 18     | -      | -      | 16     | 1    | 0    | -    | -    | -     | 0    | 1    | 
|image_scale_ip | (A'*B)'     | 8      | 18     | -      | -      | 16     | 1    | 0    | -    | -    | -     | 0    | 1    | 
|image_scale_ip | (A'*B)'     | 8      | 18     | -      | -      | 16     | 1    | 0    | -    | -    | -     | 0    | 1    | 
|image_scale_ip | (A'*B)'     | 8      | 18     | -      | -      | 16     | 1    | 0    | -    | -    | -     | 0    | 1    | 
|image_scale_ip | (A'*B)'     | 8      | 18     | -      | -      | 16     | 1    | 0    | -    | -    | -     | 0    | 1    | 
|image_scale_ip | (A'*B)'     | 8      | 18     | -      | -      | 16     | 1    | 0    | -    | -    | -     | 0    | 1    | 
|image_scale_ip | (A''*B)'    | 8      | 18     | -      | -      | 16     | 2    | 0    | -    | -    | -     | 0    | 1    | 
|image_scale_ip | (A''*B)'    | 8      | 18     | -      | -      | 16     | 2    | 0    | -    | -    | -     | 0    | 1    | 
|image_scale_ip | (A''*B)'    | 8      | 18     | -      | -      | 16     | 2    | 0    | -    | -    | -     | 0    | 1    | 
+---------------+-------------+--------+--------+--------+--------+--------+------+------+------+------+-------+------+------+


Report BlackBoxes: 
+-+--------------+----------+
| |BlackBox name |Instances |
+-+--------------+----------+
+-+--------------+----------+

Report Cell Usage: 
+------+----------------+------+
|      |Cell            |Count |
+------+----------------+------+
|1     |BUFG            |     1|
|2     |CARRY8          |     8|
|3     |DSP_ALU         |     9|
|4     |DSP_A_B_DATA    |     9|
|6     |DSP_C_DATA      |     9|
|7     |DSP_MULTIPLIER  |     9|
|8     |DSP_M_DATA      |     9|
|9     |DSP_OUTPUT      |     9|
|10    |DSP_PREADD      |     9|
|11    |DSP_PREADD_DATA |     9|
|12    |LUT1            |    13|
|13    |LUT2            |    72|
|14    |LUT3            |    78|
|15    |LUT4            |   119|
|16    |LUT5            |   162|
|17    |LUT6            |   191|
|18    |RAMB18E2        |     6|
|19    |SRL16E          |     2|
|20    |FDRE            |   355|
|21    |IBUF            |    30|
|22    |OBUF            |    28|
+------+----------------+------+
---------------------------------------------------------------------------------
Finished Writing Synthesis Report : Time (s): cpu = 00:00:36 ; elapsed = 00:00:39 . Memory (MB): peak = 2639.527 ; gain = 1074.969
---------------------------------------------------------------------------------
Synthesis finished with 0 errors, 0 critical warnings and 18 warnings.
Synthesis Optimization Runtime : Time (s): cpu = 00:00:26 ; elapsed = 00:00:34 . Memory (MB): peak = 2639.527 ; gain = 980.828
Synthesis Optimization Complete : Time (s): cpu = 00:00:36 ; elapsed = 00:00:39 . Memory (MB): peak = 2639.527 ; gain = 1074.969
INFO: [Project 1-571] Translating synthesized netlist
Netlist sorting complete. Time (s): cpu = 00:00:00 ; elapsed = 00:00:00.008 . Memory (MB): peak = 2651.602 ; gain = 0.000
INFO: [Netlist 29-17] Analyzing 48 Unisim elements for replacement
INFO: [Netlist 29-28] Unisim Transformation completed in 0 CPU seconds
INFO: [Project 1-570] Preparing netlist for logic optimization
INFO: [Opt 31-138] Pushed 0 inverter(s) to 0 load pin(s).
Netlist sorting complete. Time (s): cpu = 00:00:00 ; elapsed = 00:00:00 . Memory (MB): peak = 2682.742 ; gain = 0.000
INFO: [Project 1-111] Unisim Transformation Summary:
  A total of 40 instances were transformed.
  BUFG => BUFGCE: 1 instance 
  DSP48E2 => DSP48E2 (DSP_ALU, DSP_A_B_DATA, DSP_C_DATA, DSP_MULTIPLIER, DSP_M_DATA, DSP_OUTPUT, DSP_PREADD, DSP_PREADD_DATA): 9 instances
  IBUF => IBUF (IBUFCTRL, INBUF): 30 instances

Synth Design complete, checksum: 431315d2
INFO: [Common 17-83] Releasing license: Synthesis
36 Infos, 22 Warnings, 0 Critical Warnings and 0 Errors encountered.
synth_design completed successfully
synth_design: Time (s): cpu = 00:00:42 ; elapsed = 00:00:47 . Memory (MB): peak = 2682.742 ; gain = 2253.188
INFO: [Common 17-1381] The checkpoint 'C:/Users/katku/OneDrive/Desktop/Image_Scaling_FPGA/Image_scaling_IP/Image_scaling_IP.runs/synth_1/image_scale_ip.dcp' has been generated.
INFO: [runtcl-4] Executing : report_utilization -file image_scale_ip_utilization_synth.rpt -pb image_scale_ip_utilization_synth.pb
INFO: [Common 17-206] Exiting Vivado at Tue Jun 23 12:40:41 2026...
